#
# There is insufficient memory for the Java Runtime Environment to continue.
# Native memory allocation (malloc) failed to allocate 744768 bytes for Chunk::new
# Possible reasons:
#   The system is out of physical RAM or swap space
#   The process is running with CompressedOops enabled, and the Java Heap may be blocking the growth of the native heap
# Possible solutions:
#   Reduce memory load on the system
#   Increase physical memory or swap space
#   Check if swap backing store is full
#   Decrease Java heap size (-Xmx/-Xms)
#   Decrease number of Java threads
#   Decrease Java thread stack sizes (-Xss)
#   Set larger code cache with -XX:ReservedCodeCacheSize=
#   JVM is running with Zero Based Compressed Oops mode in which the Java heap is
#     placed in the first 32GB address space. The Java Heap base address is the
#     maximum limit for the native heap growth. Please use -XX:HeapBaseMinAddress
#     to set the Java Heap base and to place the Java Heap above 32GB virtual address.
# This output file may be truncated or incomplete.
#
#  Out of Memory Error (./open/src/hotspot/share/memory/arena.cpp:195), pid=9112, tid=9428
#
# JRE version: OpenJDK Runtime Environment (15.0.2+7) (build 15.0.2+7-27)
# Java VM: OpenJDK 64-Bit Server VM (15.0.2+7-27, mixed mode, tiered, compressed oops, g1 gc, windows-amd64)
# No core dump will be written. Minidumps are not enabled by default on client versions of Windows
#

---------------  S U M M A R Y ------------

Command Line: -Dfile.encoding=Cp1252 -XX:+ShowCodeDetailsInExceptionMessages sait.frms.application.AppDriver

Host: 11th Gen Intel(R) Core(TM) i7-1165G7 @ 2.80GHz, 8 cores, 11G,  Windows 10 , 64 bit Build 19041 (10.0.19041.1023)
Time: Sun Jun 13 17:55:55 2021 Mountain Daylight Time elapsed time: 7.965132 seconds (0d 0h 0m 7s)

---------------  T H R E A D  ---------------

Current thread (0x0000014bc4acaf80):  JavaThread "C2 CompilerThread0" daemon [_thread_in_native, id=9428, stack(0x00000013a3700000,0x00000013a3800000)]


Current CompileTask:
C2:   7965 1881   !   4       javax.swing.RepaintManager::addDirtyRegion0 (205 bytes)

Stack: [0x00000013a3700000,0x00000013a3800000]
Native frames: (J=compiled Java code, j=interpreted, Vv=VM code, C=native code)
V  [jvm.dll+0x62ae9a]
V  [jvm.dll+0x7817a9]
V  [jvm.dll+0x782f03]
V  [jvm.dll+0x783563]
V  [jvm.dll+0x216325]
V  [jvm.dll+0x97f3a]
V  [jvm.dll+0x9861c]
V  [jvm.dll+0x32e305]
V  [jvm.dll+0x2f768a]
V  [jvm.dll+0x2f6a4a]
V  [jvm.dll+0x1ea705]
V  [jvm.dll+0x1e996e]
V  [jvm.dll+0x178567]
V  [jvm.dll+0x1f9225]
V  [jvm.dll+0x1f72cc]
V  [jvm.dll+0x74495d]
V  [jvm.dll+0x73d75a]
V  [jvm.dll+0x629c56]
C  [ucrtbase.dll+0x21bb2]
C  [KERNEL32.DLL+0x17034]
C  [ntdll.dll+0x52651]


---------------  P R O C E S S  ---------------

Threads class SMR info:
_java_thread_list=0x0000014bc530b110, length=15, elements={
0x0000014bc425eae0, 0x0000014bc4aa4610, 0x0000014bc4ac2720, 0x0000014bc4ac31d0,
0x0000014bc4ac5c90, 0x0000014bc4acaf80, 0x0000014bc4ad3a80, 0x0000014bc4b334b0,
0x0000014bc4c55ea0, 0x0000014bc4c682b0, 0x0000014bc51ac7f0, 0x0000014bc51accc0,
0x0000014bc51ad7e0, 0x0000014bc5255460, 0x0000014ba5b65f30
}

Java Threads: ( => current thread )
  0x0000014bc425eae0 JavaThread "Reference Handler" daemon [_thread_blocked, id=14068, stack(0x00000013a3200000,0x00000013a3300000)]
  0x0000014bc4aa4610 JavaThread "Finalizer" daemon [_thread_blocked, id=17048, stack(0x00000013a3300000,0x00000013a3400000)]
  0x0000014bc4ac2720 JavaThread "Signal Dispatcher" daemon [_thread_blocked, id=16752, stack(0x00000013a3400000,0x00000013a3500000)]
  0x0000014bc4ac31d0 JavaThread "Attach Listener" daemon [_thread_blocked, id=6228, stack(0x00000013a3500000,0x00000013a3600000)]
  0x0000014bc4ac5c90 JavaThread "Service Thread" daemon [_thread_blocked, id=17316, stack(0x00000013a3600000,0x00000013a3700000)]
=>0x0000014bc4acaf80 JavaThread "C2 CompilerThread0" daemon [_thread_in_native, id=9428, stack(0x00000013a3700000,0x00000013a3800000)]
  0x0000014bc4ad3a80 JavaThread "C1 CompilerThread0" daemon [_thread_blocked, id=15884, stack(0x00000013a3800000,0x00000013a3900000)]
  0x0000014bc4b334b0 JavaThread "Sweeper thread" daemon [_thread_blocked, id=6336, stack(0x00000013a3900000,0x00000013a3a00000)]
  0x0000014bc4c55ea0 JavaThread "Notification Thread" daemon [_thread_blocked, id=20208, stack(0x00000013a3a00000,0x00000013a3b00000)]
  0x0000014bc4c682b0 JavaThread "Common-Cleaner" daemon [_thread_blocked, id=14784, stack(0x00000013a3c00000,0x00000013a3d00000)]
  0x0000014bc51ac7f0 JavaThread "Java2D Disposer" daemon [_thread_blocked, id=18764, stack(0x00000013a3d00000,0x00000013a3e00000)]
  0x0000014bc51accc0 JavaThread "AWT-Shutdown" [_thread_blocked, id=2216, stack(0x00000013a3e00000,0x00000013a3f00000)]
  0x0000014bc51ad7e0 JavaThread "AWT-Windows" daemon [_thread_in_native, id=10316, stack(0x00000013a3f00000,0x00000013a4000000)]
  0x0000014bc5255460 JavaThread "AWT-EventQueue-0" [_thread_in_native, id=19108, stack(0x00000013a4000000,0x00000013a4100000)]
  0x0000014ba5b65f30 JavaThread "DestroyJavaVM" [_thread_blocked, id=15796, stack(0x00000013a2b00000,0x00000013a2c00000)]

Other Threads:
  0x0000014bc425e5d0 VMThread "VM Thread" [stack: 0x00000013a3100000,0x00000013a3200000] [id=16180]
  0x0000014bc4c56370 WatcherThread [stack: 0x00000013a3b00000,0x00000013a3c00000] [id=4616]
  0x0000014ba5bab2b0 GCTaskThread "GC Thread#0" [stack: 0x00000013a2c00000,0x00000013a2d00000] [id=19240]
  0x0000014bc56def40 GCTaskThread "GC Thread#1" [stack: 0x00000013a4500000,0x00000013a4600000] [id=5368]
  0x0000014bc56de8e0 GCTaskThread "GC Thread#2" [stack: 0x00000013a4600000,0x00000013a4700000] [id=5300]
  0x0000014bc56e0590 GCTaskThread "GC Thread#3" [stack: 0x00000013a4700000,0x00000013a4800000] [id=18344]
  0x0000014bc56dec10 GCTaskThread "GC Thread#4" [stack: 0x00000013a4800000,0x00000013a4900000] [id=6516]
  0x0000014bc56e0260 GCTaskThread "GC Thread#5" [stack: 0x00000013a4900000,0x00000013a4a00000] [id=5388]
  0x0000014ba5bb8140 ConcurrentGCThread "G1 Main Marker" [stack: 0x00000013a2d00000,0x00000013a2e00000] [id=9896]
  0x0000014ba5bb9550 ConcurrentGCThread "G1 Conc#0" [stack: 0x00000013a2e00000,0x00000013a2f00000] [id=2028]
  0x0000014ba5c2b750 ConcurrentGCThread "G1 Refine#0" [stack: 0x00000013a2f00000,0x00000013a3000000] [id=10836]
  0x0000014bc40a1230 ConcurrentGCThread "G1 Young RemSet Sampling" [stack: 0x00000013a3000000,0x00000013a3100000] [id=17352]

Threads with active compile tasks:
C2 CompilerThread0     7978 1881   !   4       javax.swing.RepaintManager::addDirtyRegion0 (205 bytes)

VM state: not at safepoint (normal execution)

VM Mutex/Monitor currently owned by a thread: None

Heap address: 0x0000000744400000, size: 3004 MB, Compressed Oops mode: Zero based, Oop shift amount: 3
CDS disabled.
Compressed class space mapped at: 0x0000000800000000-0x0000000840000000, size: 1073741824
Narrow klass base: 0x0000000800000000, Narrow klass shift: 0, Narrow klass range: 0x40000000

GC Precious Log:
 CPUs: 8 total, 8 available
 Memory: 12010M
 Large Page Support: Disabled
 NUMA Support: Disabled
 Compressed Oops: Enabled (Zero based)
 Heap Region Size: 2M
 Heap Min Capacity: 8M
 Heap Initial Capacity: 188M
 Heap Max Capacity: 3004M
 Pre-touch: Disabled
 Parallel Workers: 8
 Concurrent Workers: 2
 Concurrent Refinement Workers: 8
 Periodic GC: Disabled

Heap:
 garbage-first heap   total 192512K, used 112951K [0x0000000744400000, 0x0000000800000000)
  region size 2048K, 21 young (43008K), 2 survivors (4096K)
 Metaspace       used 15947K, capacity 16135K, committed 16256K, reserved 1064960K
  class space    used 1585K, capacity 1664K, committed 1664K, reserved 1048576K

Heap Regions: E=young(eden), S=young(survivor), O=old, HS=humongous(starts), HC=humongous(continues), CS=collection set, F=free, OA=open archive, CA=closed archive, TAMS=top-at-mark-start (previous, next)
|   0|0x0000000744400000, 0x0000000744600000, 0x0000000744600000|100%|HS|  |TAMS 0x0000000744400000, 0x0000000744400000| Complete 
|   1|0x0000000744600000, 0x0000000744800000, 0x0000000744800000|100%|HS|  |TAMS 0x0000000744600000, 0x0000000744600000| Complete 
|   2|0x0000000744800000, 0x0000000744a00000, 0x0000000744a00000|100%|HS|  |TAMS 0x0000000744800000, 0x0000000744800000| Complete 
|   3|0x0000000744a00000, 0x0000000744c00000, 0x0000000744c00000|100%|HS|  |TAMS 0x0000000744a00000, 0x0000000744a00000| Complete 
|   4|0x0000000744c00000, 0x0000000744e00000, 0x0000000744e00000|100%|HS|  |TAMS 0x0000000744c00000, 0x0000000744c00000| Complete 
|   5|0x0000000744e00000, 0x0000000745000000, 0x0000000745000000|100%|HS|  |TAMS 0x0000000744e00000, 0x0000000744e00000| Complete 
|   6|0x0000000745000000, 0x0000000745200000, 0x0000000745200000|100%|HS|  |TAMS 0x0000000745000000, 0x0000000745000000| Complete 
|   7|0x0000000745200000, 0x0000000745400000, 0x0000000745400000|100%|HS|  |TAMS 0x0000000745200000, 0x0000000745200000| Complete 
|   8|0x0000000745400000, 0x0000000745600000, 0x0000000745600000|100%|HS|  |TAMS 0x0000000745400000, 0x0000000745400000| Complete 
|   9|0x0000000745600000, 0x0000000745800000, 0x0000000745800000|100%|HS|  |TAMS 0x0000000745600000, 0x0000000745600000| Complete 
|  10|0x0000000745800000, 0x0000000745a00000, 0x0000000745a00000|100%|HS|  |TAMS 0x0000000745800000, 0x0000000745800000| Complete 
|  11|0x0000000745a00000, 0x0000000745c00000, 0x0000000745c00000|100%|HS|  |TAMS 0x0000000745a00000, 0x0000000745a00000| Complete 
|  12|0x0000000745c00000, 0x0000000745e00000, 0x0000000745e00000|100%|HS|  |TAMS 0x0000000745c00000, 0x0000000745c00000| Complete 
|  13|0x0000000745e00000, 0x0000000746000000, 0x0000000746000000|100%|HS|  |TAMS 0x0000000745e00000, 0x0000000745e00000| Complete 
|  14|0x0000000746000000, 0x0000000746200000, 0x0000000746200000|100%|HS|  |TAMS 0x0000000746000000, 0x0000000746000000| Complete 
|  15|0x0000000746200000, 0x0000000746400000, 0x0000000746400000|100%|HS|  |TAMS 0x0000000746200000, 0x0000000746200000| Complete 
|  16|0x0000000746400000, 0x0000000746600000, 0x0000000746600000|100%|HS|  |TAMS 0x0000000746400000, 0x0000000746400000| Complete 
|  17|0x0000000746600000, 0x0000000746800000, 0x0000000746800000|100%|HS|  |TAMS 0x0000000746600000, 0x0000000746600000| Complete 
|  18|0x0000000746800000, 0x0000000746a00000, 0x0000000746a00000|100%|HS|  |TAMS 0x0000000746800000, 0x0000000746800000| Complete 
|  19|0x0000000746a00000, 0x0000000746c00000, 0x0000000746c00000|100%|HS|  |TAMS 0x0000000746a00000, 0x0000000746a00000| Complete 
|  20|0x0000000746c00000, 0x0000000746e00000, 0x0000000746e00000|100%|HS|  |TAMS 0x0000000746c00000, 0x0000000746c00000| Complete 
|  21|0x0000000746e00000, 0x0000000747000000, 0x0000000747000000|100%|HS|  |TAMS 0x0000000746e00000, 0x0000000746e00000| Complete 
|  22|0x0000000747000000, 0x0000000747200000, 0x0000000747200000|100%|HS|  |TAMS 0x0000000747000000, 0x0000000747000000| Complete 
|  23|0x0000000747200000, 0x0000000747400000, 0x0000000747400000|100%|HS|  |TAMS 0x0000000747200000, 0x0000000747200000| Complete 
|  24|0x0000000747400000, 0x0000000747600000, 0x0000000747600000|100%|HS|  |TAMS 0x0000000747400000, 0x0000000747400000| Complete 
|  25|0x0000000747600000, 0x0000000747800000, 0x0000000747800000|100%|HS|  |TAMS 0x0000000747600000, 0x0000000747600000| Complete 
|  26|0x0000000747800000, 0x0000000747a00000, 0x0000000747a00000|100%|HS|  |TAMS 0x0000000747800000, 0x0000000747800000| Complete 
|  27|0x0000000747a00000, 0x0000000747c00000, 0x0000000747c00000|100%|HS|  |TAMS 0x0000000747a00000, 0x0000000747a00000| Complete 
|  28|0x0000000747c00000, 0x0000000747e00000, 0x0000000747e00000|100%|HS|  |TAMS 0x0000000747c00000, 0x0000000747c00000| Complete 
|  29|0x0000000747e00000, 0x0000000748000000, 0x0000000748000000|100%|HS|  |TAMS 0x0000000747e00000, 0x0000000747e00000| Complete 
|  30|0x0000000748000000, 0x0000000748200000, 0x0000000748200000|100%|HS|  |TAMS 0x0000000748000000, 0x0000000748000000| Complete 
|  31|0x0000000748200000, 0x0000000748400000, 0x0000000748400000|100%|HS|  |TAMS 0x0000000748200000, 0x0000000748200000| Complete 
|  32|0x0000000748400000, 0x0000000748600000, 0x0000000748600000|100%|HS|  |TAMS 0x0000000748400000, 0x0000000748400000| Complete 
|  33|0x0000000748600000, 0x0000000748800000, 0x0000000748800000|100%|HS|  |TAMS 0x0000000748600000, 0x0000000748600000| Complete 
|  34|0x0000000748800000, 0x0000000748a00000, 0x0000000748a00000|100%|HS|  |TAMS 0x0000000748800000, 0x0000000748800000| Complete 
|  35|0x0000000748a00000, 0x0000000748c00000, 0x0000000748c00000|100%|HS|  |TAMS 0x0000000748a00000, 0x0000000748a00000| Complete 
|  36|0x0000000748c00000, 0x0000000748c00000, 0x0000000748e00000|  0%| F|  |TAMS 0x0000000748c00000, 0x0000000748c00000| Untracked 
|  37|0x0000000748e00000, 0x0000000748e00000, 0x0000000749000000|  0%| F|  |TAMS 0x0000000748e00000, 0x0000000748e00000| Untracked 
|  38|0x0000000749000000, 0x0000000749000000, 0x0000000749200000|  0%| F|  |TAMS 0x0000000749000000, 0x0000000749000000| Untracked 
|  39|0x0000000749200000, 0x0000000749200000, 0x0000000749400000|  0%| F|  |TAMS 0x0000000749200000, 0x0000000749200000| Untracked 
|  40|0x0000000749400000, 0x0000000749400000, 0x0000000749600000|  0%| F|  |TAMS 0x0000000749400000, 0x0000000749400000| Untracked 
|  41|0x0000000749600000, 0x0000000749600000, 0x0000000749800000|  0%| F|  |TAMS 0x0000000749600000, 0x0000000749600000| Untracked 
|  42|0x0000000749800000, 0x0000000749800000, 0x0000000749a00000|  0%| F|  |TAMS 0x0000000749800000, 0x0000000749800000| Untracked 
|  43|0x0000000749a00000, 0x0000000749a00000, 0x0000000749c00000|  0%| F|  |TAMS 0x0000000749a00000, 0x0000000749a00000| Untracked 
|  44|0x0000000749c00000, 0x0000000749c00000, 0x0000000749e00000|  0%| F|  |TAMS 0x0000000749c00000, 0x0000000749c00000| Untracked 
|  45|0x0000000749e00000, 0x0000000749e00000, 0x000000074a000000|  0%| F|  |TAMS 0x0000000749e00000, 0x0000000749e00000| Untracked 
|  46|0x000000074a000000, 0x000000074a000000, 0x000000074a200000|  0%| F|  |TAMS 0x000000074a000000, 0x000000074a000000| Untracked 
|  47|0x000000074a200000, 0x000000074a200000, 0x000000074a400000|  0%| F|  |TAMS 0x000000074a200000, 0x000000074a200000| Untracked 
|  48|0x000000074a400000, 0x000000074a400000, 0x000000074a600000|  0%| F|  |TAMS 0x000000074a400000, 0x000000074a400000| Untracked 
|  49|0x000000074a600000, 0x000000074a600000, 0x000000074a800000|  0%| F|  |TAMS 0x000000074a600000, 0x000000074a600000| Untracked 
|  50|0x000000074a800000, 0x000000074a800000, 0x000000074aa00000|  0%| F|  |TAMS 0x000000074a800000, 0x000000074a800000| Untracked 
|  51|0x000000074aa00000, 0x000000074aa00000, 0x000000074ac00000|  0%| F|  |TAMS 0x000000074aa00000, 0x000000074aa00000| Untracked 
|  52|0x000000074ac00000, 0x000000074ac00000, 0x000000074ae00000|  0%| F|  |TAMS 0x000000074ac00000, 0x000000074ac00000| Untracked 
|  53|0x000000074ae00000, 0x000000074ae00000, 0x000000074b000000|  0%| F|  |TAMS 0x000000074ae00000, 0x000000074ae00000| Untracked 
|  54|0x000000074b000000, 0x000000074b000000, 0x000000074b200000|  0%| F|  |TAMS 0x000000074b000000, 0x000000074b000000| Untracked 
|  55|0x000000074b200000, 0x000000074b200000, 0x000000074b400000|  0%| F|  |TAMS 0x000000074b200000, 0x000000074b200000| Untracked 
|  56|0x000000074b400000, 0x000000074b400000, 0x000000074b600000|  0%| F|  |TAMS 0x000000074b400000, 0x000000074b400000| Untracked 
|  57|0x000000074b600000, 0x000000074b600000, 0x000000074b800000|  0%| F|  |TAMS 0x000000074b600000, 0x000000074b600000| Untracked 
|  58|0x000000074b800000, 0x000000074b800000, 0x000000074ba00000|  0%| F|  |TAMS 0x000000074b800000, 0x000000074b800000| Untracked 
|  59|0x000000074ba00000, 0x000000074ba00000, 0x000000074bc00000|  0%| F|  |TAMS 0x000000074ba00000, 0x000000074ba00000| Untracked 
|  60|0x000000074bc00000, 0x000000074bc00000, 0x000000074be00000|  0%| F|  |TAMS 0x000000074bc00000, 0x000000074bc00000| Untracked 
|  61|0x000000074be00000, 0x000000074be00000, 0x000000074c000000|  0%| F|  |TAMS 0x000000074be00000, 0x000000074be00000| Untracked 
|  62|0x000000074c000000, 0x000000074c000000, 0x000000074c200000|  0%| F|  |TAMS 0x000000074c000000, 0x000000074c000000| Untracked 
|  63|0x000000074c200000, 0x000000074c200000, 0x000000074c400000|  0%| F|  |TAMS 0x000000074c200000, 0x000000074c200000| Untracked 
|  64|0x000000074c400000, 0x000000074c400000, 0x000000074c600000|  0%| F|  |TAMS 0x000000074c400000, 0x000000074c400000| Untracked 
|  65|0x000000074c600000, 0x000000074c600000, 0x000000074c800000|  0%| F|  |TAMS 0x000000074c600000, 0x000000074c600000| Untracked 
|  66|0x000000074c800000, 0x000000074c800000, 0x000000074ca00000|  0%| F|  |TAMS 0x000000074c800000, 0x000000074c800000| Untracked 
|  67|0x000000074ca00000, 0x000000074ca00000, 0x000000074cc00000|  0%| F|  |TAMS 0x000000074ca00000, 0x000000074ca00000| Untracked 
|  68|0x000000074cc00000, 0x000000074cc00000, 0x000000074ce00000|  0%| F|  |TAMS 0x000000074cc00000, 0x000000074cc00000| Untracked 
|  69|0x000000074ce00000, 0x000000074ce00000, 0x000000074d000000|  0%| F|  |TAMS 0x000000074ce00000, 0x000000074ce00000| Untracked 
|  70|0x000000074d000000, 0x000000074d000000, 0x000000074d200000|  0%| F|  |TAMS 0x000000074d000000, 0x000000074d000000| Untracked 
|  71|0x000000074d200000, 0x000000074d200000, 0x000000074d400000|  0%| F|  |TAMS 0x000000074d200000, 0x000000074d200000| Untracked 
|  72|0x000000074d400000, 0x000000074d400000, 0x000000074d600000|  0%| F|  |TAMS 0x000000074d400000, 0x000000074d400000| Untracked 
|  73|0x000000074d600000, 0x000000074d700800, 0x000000074d800000| 50%| E|  |TAMS 0x000000074d600000, 0x000000074d600000| Complete 
|  74|0x000000074d800000, 0x000000074d84deb8, 0x000000074da00000| 15%| S|CS|TAMS 0x000000074d800000, 0x000000074d800000| Complete 
|  75|0x000000074da00000, 0x000000074dc00000, 0x000000074dc00000|100%| S|CS|TAMS 0x000000074da00000, 0x000000074da00000| Complete 
|  76|0x000000074dc00000, 0x000000074de00000, 0x000000074de00000|100%| E|CS|TAMS 0x000000074dc00000, 0x000000074dc00000| Complete 
|  77|0x000000074de00000, 0x000000074e000000, 0x000000074e000000|100%| E|CS|TAMS 0x000000074de00000, 0x000000074de00000| Complete 
|  78|0x000000074e000000, 0x000000074e200000, 0x000000074e200000|100%| E|CS|TAMS 0x000000074e000000, 0x000000074e000000| Complete 
|  79|0x000000074e200000, 0x000000074e400000, 0x000000074e400000|100%| E|CS|TAMS 0x000000074e200000, 0x000000074e200000| Complete 
|  80|0x000000074e400000, 0x000000074e600000, 0x000000074e600000|100%| E|CS|TAMS 0x000000074e400000, 0x000000074e400000| Complete 
|  81|0x000000074e600000, 0x000000074e800000, 0x000000074e800000|100%| E|CS|TAMS 0x000000074e600000, 0x000000074e600000| Complete 
|  82|0x000000074e800000, 0x000000074ea00000, 0x000000074ea00000|100%| E|CS|TAMS 0x000000074e800000, 0x000000074e800000| Complete 
|  83|0x000000074ea00000, 0x000000074ec00000, 0x000000074ec00000|100%| E|CS|TAMS 0x000000074ea00000, 0x000000074ea00000| Complete 
|  84|0x000000074ec00000, 0x000000074ee00000, 0x000000074ee00000|100%| E|CS|TAMS 0x000000074ec00000, 0x000000074ec00000| Complete 
|  85|0x000000074ee00000, 0x000000074f000000, 0x000000074f000000|100%| E|CS|TAMS 0x000000074ee00000, 0x000000074ee00000| Complete 
|  86|0x000000074f000000, 0x000000074f200000, 0x000000074f200000|100%| E|CS|TAMS 0x000000074f000000, 0x000000074f000000| Complete 
|  87|0x000000074f200000, 0x000000074f400000, 0x000000074f400000|100%| E|CS|TAMS 0x000000074f200000, 0x000000074f200000| Complete 
|  88|0x000000074f400000, 0x000000074f600000, 0x000000074f600000|100%| E|CS|TAMS 0x000000074f400000, 0x000000074f400000| Complete 
|  89|0x000000074f600000, 0x000000074f800000, 0x000000074f800000|100%| E|CS|TAMS 0x000000074f600000, 0x000000074f600000| Complete 
|  90|0x000000074f800000, 0x000000074fa00000, 0x000000074fa00000|100%| E|CS|TAMS 0x000000074f800000, 0x000000074f800000| Complete 
|  91|0x000000074fa00000, 0x000000074fc00000, 0x000000074fc00000|100%| E|CS|TAMS 0x000000074fa00000, 0x000000074fa00000| Complete 
|  92|0x000000074fc00000, 0x000000074fe00000, 0x000000074fe00000|100%| E|CS|TAMS 0x000000074fc00000, 0x000000074fc00000| Complete 
|  93|0x000000074fe00000, 0x0000000750000000, 0x0000000750000000|100%| E|CS|TAMS 0x000000074fe00000, 0x000000074fe00000| Complete 

Card table byte_map: [0x0000014bbadd0000,0x0000014bbb3b0000] _byte_map_base: 0x0000014bb73ae000

Marking Bits (Prev, Next): (CMBitMap*) 0x0000014ba5babb20, (CMBitMap*) 0x0000014ba5babb60
 Prev Bits: [0x0000014bbb990000, 0x0000014bbe880000)
 Next Bits: [0x0000014bbe880000, 0x0000014bc1770000)

Polling page: 0x0000014ba5c40000

Metaspace:

Usage:
  Non-class:     14.13 MB capacity,    14.03 MB (>99%) used,    90.96 KB ( <1%) free+waste,    17.75 KB ( <1%) overhead. 
      Class:      1.62 MB capacity,     1.55 MB ( 95%) used,    72.75 KB (  4%) free+waste,     6.12 KB ( <1%) overhead. 
       Both:     15.76 MB capacity,    15.57 MB ( 99%) used,   163.71 KB (  1%) free+waste,    23.88 KB ( <1%) overhead. 

Virtual space:
  Non-class space:       16.00 MB reserved,      14.25 MB ( 89%) committed 
      Class space:        1.00 GB reserved,       1.62 MB ( <1%) committed 
             Both:        1.02 GB reserved,      15.88 MB (  2%) committed 

Chunk freelists:
   Non-Class:  57.00 KB
       Class:  0 bytes
        Both:  57.00 KB

MaxMetaspaceSize: 17179869184.00 GB
CompressedClassSpaceSize: 1.00 GB

CodeHeap 'non-profiled nmethods': size=120000Kb used=642Kb max_used=642Kb free=119357Kb
 bounds [0x0000014bb2860000, 0x0000014bb2ad0000, 0x0000014bb9d90000]
CodeHeap 'profiled nmethods': size=120000Kb used=3459Kb max_used=3459Kb free=116541Kb
 bounds [0x0000014bab330000, 0x0000014bab6a0000, 0x0000014bb2860000]
CodeHeap 'non-nmethods': size=5760Kb used=1286Kb max_used=1313Kb free=4473Kb
 bounds [0x0000014baad90000, 0x0000014bab000000, 0x0000014bab330000]
 total_blobs=2464 nmethods=1901 adapters=475
 compilation: enabled
              stopped_count=0, restarted_count=0
 full_count=0

Compilation events (20 events):
Event: 7.946 Thread 0x0000014bc4ad3a80 nmethod 1876 0x0000014bab67e310 code [0x0000014bab67e4e0, 0x0000014bab67ea58]
Event: 7.946 Thread 0x0000014bc4ad3a80 1878       3       javax.swing.JRootPane::isOptimizedDrawingEnabled (16 bytes)
Event: 7.946 Thread 0x0000014bc4ad3a80 nmethod 1878 0x0000014bab67eb90 code [0x0000014bab67ed40, 0x0000014bab67ef68]
Event: 7.946 Thread 0x0000014bc4ad3a80 1879   !   3       javax.swing.JComponent::safelyGetGraphics (30 bytes)
Event: 7.946 Thread 0x0000014bc4ad3a80 nmethod 1879 0x0000014bab67f010 code [0x0000014bab67f1c0, 0x0000014bab67f508]
Event: 7.946 Thread 0x0000014bc4ad3a80 1880       3       javax.swing.JFrame::getGraphics (9 bytes)
Event: 7.946 Thread 0x0000014bc4ad3a80 nmethod 1880 0x0000014bab67f690 code [0x0000014bab67f880, 0x0000014bab67fce8]
Event: 7.948 Thread 0x0000014bc4acaf80 1881   !   4       javax.swing.RepaintManager::addDirtyRegion0 (205 bytes)
Event: 7.948 Thread 0x0000014bc4ad3a80 1882   !   3       javax.swing.RepaintManager$4::run (277 bytes)
Event: 7.949 Thread 0x0000014bc4ad3a80 nmethod 1882 0x0000014bab67fe90 code [0x0000014bab680160, 0x0000014bab681398]
Event: 7.949 Thread 0x0000014bc4ad3a80 1884       3       javax.swing.JTextField$ScrollRepainter::stateChanged (8 bytes)
Event: 7.949 Thread 0x0000014bc4ad3a80 nmethod 1884 0x0000014bab681890 code [0x0000014bab681a40, 0x0000014bab681c08]
Event: 7.949 Thread 0x0000014bc4ad3a80 1883       1       sun.java2d.SunGraphics2D::setBackground (6 bytes)
Event: 7.949 Thread 0x0000014bc4ad3a80 nmethod 1883 0x0000014bb2900790 code [0x0000014bb2900920, 0x0000014bb2900a38]
Event: 7.956 Thread 0x0000014bc4ad3a80 1886       3       javax.swing.DefaultBoundedRangeModel::fireStateChanged (68 bytes)
Event: 7.956 Thread 0x0000014bc4ad3a80 nmethod 1886 0x0000014bab681d10 code [0x0000014bab681f00, 0x0000014bab682628]
Event: 7.962 Thread 0x0000014bc4ad3a80 1887       3       java.awt.Component::setLocation (7 bytes)
Event: 7.962 Thread 0x0000014bc4ad3a80 nmethod 1887 0x0000014bab682890 code [0x0000014bab682a40, 0x0000014bab682be8]
Event: 7.962 Thread 0x0000014bc4ad3a80 1888   !   3       java.awt.Component::move (39 bytes)
Event: 7.962 Thread 0x0000014bc4ad3a80 nmethod 1888 0x0000014bab682c90 code [0x0000014bab682e60, 0x0000014bab683258]

GC Heap History (4 events):
Event: 4.874 GC heap before
{Heap before GC invocations=0 (full 0):
 garbage-first heap   total 192512K, used 20480K [0x0000000744400000, 0x0000000800000000)
  region size 2048K, 11 young (22528K), 0 survivors (0K)
 Metaspace       used 15447K, capacity 15623K, committed 15744K, reserved 1062912K
  class space    used 1585K, capacity 1664K, committed 1664K, reserved 1048576K
}
Event: 4.879 GC heap after
{Heap after GC invocations=1 (full 0):
 garbage-first heap   total 192512K, used 2856K [0x0000000744400000, 0x0000000800000000)
  region size 2048K, 2 young (4096K), 2 survivors (4096K)
 Metaspace       used 15447K, capacity 15623K, committed 15744K, reserved 1062912K
  class space    used 1585K, capacity 1664K, committed 1664K, reserved 1048576K
}
Event: 5.899 GC heap before
{Heap before GC invocations=1 (full 0):
 garbage-first heap   total 192512K, used 107304K [0x0000000744400000, 0x0000000800000000)
  region size 2048K, 18 young (36864K), 2 survivors (4096K)
 Metaspace       used 15804K, capacity 16007K, committed 16256K, reserved 1064960K
  class space    used 1585K, capacity 1664K, committed 1664K, reserved 1048576K
}
Event: 5.901 GC heap after
{Heap after GC invocations=2 (full 0):
 garbage-first heap   total 192512K, used 76087K [0x0000000744400000, 0x0000000800000000)
  region size 2048K, 2 young (4096K), 2 survivors (4096K)
 Metaspace       used 15804K, capacity 16007K, committed 16256K, reserved 1064960K
  class space    used 1585K, capacity 1664K, committed 1664K, reserved 1048576K
}

Deoptimization events (20 events):
Event: 0.318 Thread 0x0000014ba5b65f30 DEOPT PACKING pc=0x0000014bb2878e10 sp=0x00000013a2bfcc00
Event: 0.318 Thread 0x0000014ba5b65f30 DEOPT UNPACKING pc=0x0000014baad9852f sp=0x00000013a2bfcb80 mode 2
Event: 1.094 Thread 0x0000014bc5255460 DEOPT PACKING pc=0x0000014bab44f201 sp=0x00000013a40fcb80
Event: 1.094 Thread 0x0000014bc5255460 DEOPT UNPACKING pc=0x0000014baaddf6cf sp=0x00000013a40fc050 mode 0
Event: 4.807 Thread 0x0000014bc5255460 DEOPT PACKING pc=0x0000014bab47be4b sp=0x00000013a40fc280
Event: 4.807 Thread 0x0000014bc5255460 DEOPT UNPACKING pc=0x0000014baaddf6cf sp=0x00000013a40fb768 mode 0
Event: 4.808 Thread 0x0000014bc5255460 DEOPT PACKING pc=0x0000014bab47be4b sp=0x00000013a40fc280
Event: 4.808 Thread 0x0000014bc5255460 DEOPT UNPACKING pc=0x0000014baaddf6cf sp=0x00000013a40fb768 mode 0
Event: 4.816 Thread 0x0000014bc5255460 DEOPT PACKING pc=0x0000014bab47be4b sp=0x00000013a40fc250
Event: 4.816 Thread 0x0000014bc5255460 DEOPT UNPACKING pc=0x0000014baaddf6cf sp=0x00000013a40fb738 mode 0
Event: 4.824 Thread 0x0000014bc5255460 DEOPT PACKING pc=0x0000014bab47be4b sp=0x00000013a40fc250
Event: 4.824 Thread 0x0000014bc5255460 DEOPT UNPACKING pc=0x0000014baaddf6cf sp=0x00000013a40fb738 mode 0
Event: 4.831 Thread 0x0000014bc5255460 DEOPT PACKING pc=0x0000014bab47be4b sp=0x00000013a40fc250
Event: 4.831 Thread 0x0000014bc5255460 DEOPT UNPACKING pc=0x0000014baaddf6cf sp=0x00000013a40fb738 mode 0
Event: 4.844 Thread 0x0000014bc5255460 DEOPT PACKING pc=0x0000014bab45c107 sp=0x00000013a40fc130
Event: 4.844 Thread 0x0000014bc5255460 DEOPT UNPACKING pc=0x0000014baaddf6cf sp=0x00000013a40fb630 mode 0
Event: 5.837 Thread 0x0000014bc5255460 Uncommon trap: trap_request=0xffffff45 fr.pc=0x0000014bb28ccd70 relative=0x00000000000000d0
Event: 5.837 Thread 0x0000014bc5255460 Uncommon trap: reason=unstable_if action=reinterpret pc=0x0000014bb28ccd70 method=javax.swing.SwingUtilities.computeIntersection(IIIILjava/awt/Rectangle;)Ljava/awt/Rectangle; @ 34 c2
Event: 5.837 Thread 0x0000014bc5255460 DEOPT PACKING pc=0x0000014bb28ccd70 sp=0x00000013a40fe600
Event: 5.837 Thread 0x0000014bc5255460 DEOPT UNPACKING pc=0x0000014baad9852f sp=0x00000013a40fe560 mode 2

Classes unloaded (0 events):
No events

Classes redefined (0 events):
No events

Internal exceptions (12 events):
Event: 0.096 Thread 0x0000014ba5b65f30 Exception <a 'java/lang/NoSuchMethodError'{0x000000074ff22740}: 'void java.lang.invoke.DirectMethodHandle$Holder.invokeSpecial(java.lang.Object, java.lang.Object, java.lang.Object)'> (0x000000074ff22740) 
thrown [./open/src/hotspot/share/interpreter/linkResolver.cpp, line 782]
Event: 0.117 Thread 0x0000014ba5b65f30 Exception <a 'java/lang/ClassNotFoundException'{0x000000074ff42360}: sun/awt/resources/spi/awtProvider> (0x000000074ff42360) 
thrown [./open/src/hotspot/share/classfile/systemDictionary.cpp, line 295]
Event: 0.138 Thread 0x0000014ba5b65f30 Exception <a 'java/io/FileNotFoundException'{0x000000074ff9e700}> (0x000000074ff9e700) 
thrown [./open/src/hotspot/share/prims/jni.cpp, line 578]
Event: 0.144 Thread 0x0000014ba5b65f30 Exception <a 'java/io/FileNotFoundException'{0x000000074ffcd228}> (0x000000074ffcd228) 
thrown [./open/src/hotspot/share/prims/jni.cpp, line 578]
Event: 0.145 Thread 0x0000014ba5b65f30 Exception <a 'java/lang/NoSuchMethodError'{0x000000074ffce560}: 'java.lang.Object java.lang.invoke.DirectMethodHandle$Holder.invokeStatic(java.lang.Object)'> (0x000000074ffce560) 
thrown [./open/src/hotspot/share/interpreter/linkResolver.cpp, line 782]
Event: 0.183 Thread 0x0000014ba5b65f30 Exception <a 'java/lang/NoSuchMethodError'{0x000000074fc2b0e8}: 'java.lang.Object java.lang.invoke.DirectMethodHandle$Holder.invokeStaticInit(java.lang.Object)'> (0x000000074fc2b0e8) 
thrown [./open/src/hotspot/share/interpreter/linkResolver.cpp, line 782]
Event: 0.219 Thread 0x0000014ba5b65f30 Exception <a 'java/lang/NoSuchMethodError'{0x000000074fd0de48}: 'java.lang.Object java.lang.invoke.DirectMethodHandle$Holder.newInvokeSpecial(java.lang.Object, java.lang.Object, java.lang.Object, java.lang.Object, java.lang.Object)'> (0x000000074fd0de48) 
thrown [./open/src/hotspot/share/interpreter/linkResolver.cpp, line 782]
Event: 0.220 Thread 0x0000014ba5b65f30 Exception <a 'java/lang/NoSuchMethodError'{0x000000074fd198d8}: 'java.lang.Object java.lang.invoke.DirectMethodHandle$Holder.invokeStatic(java.lang.Object, int, java.lang.Object, java.lang.Object, java.lang.Object, java.lang.Object)'> (0x000000074fd198d8) 
thrown [./open/src/hotspot/share/interpreter/linkResolver.cpp, line 782]
Event: 0.223 Thread 0x0000014ba5b65f30 Exception <a 'java/lang/NoSuchMethodError'{0x000000074fd3fb80}: 'java.lang.Object java.lang.invoke.DirectMethodHandle$Holder.invokeStatic(java.lang.Object, int, java.lang.Object)'> (0x000000074fd3fb80) 
thrown [./open/src/hotspot/share/interpreter/linkResolver.cpp, line 782]
Event: 0.236 Thread 0x0000014ba5b65f30 Exception <a 'java/lang/ClassNotFoundException'{0x000000074fdf8590}: com/sun/swing/internal/plaf/metal/resources/spi/metalProvider> (0x000000074fdf8590) 
thrown [./open/src/hotspot/share/classfile/systemDictionary.cpp, line 295]
Event: 0.237 Thread 0x0000014ba5b65f30 Exception <a 'java/lang/ClassNotFoundException'{0x000000074fdfc9b8}: com/sun/swing/internal/plaf/basic/resources/spi/basicProvider> (0x000000074fdfc9b8) 
thrown [./open/src/hotspot/share/classfile/systemDictionary.cpp, line 295]
Event: 0.306 Thread 0x0000014ba5b65f30 Exception <a 'java/lang/NoSuchMethodError'{0x000000074fb46eb8}: 'void java.lang.invoke.DirectMethodHandle$Holder.invokeStaticInit(java.lang.Object)'> (0x000000074fb46eb8) 
thrown [./open/src/hotspot/share/interpreter/linkResolver.cpp, line 782]

Events (20 events):
Event: 3.392 Loaded shared library C:\Users\water\.p2\pool\plugins\org.eclipse.justj.openjdk.hotspot.jre.full.win32.x86_64_15.0.2.v20210201-0955\jre\bin\java.dll
Event: 3.447 Executing VM operation: HandshakeAllThreads
Event: 3.447 Executing VM operation: HandshakeAllThreads done
Event: 4.757 loading class sun/awt/windows/WComponentPeer$1
Event: 4.757 loading class sun/awt/windows/WComponentPeer$1 done
Event: 4.763 loading class sun/java2d/opengl/OGLSurfaceData
Event: 4.763 loading class sun/java2d/opengl/OGLSurfaceData done
Event: 4.824 Thread 0x0000014bc5463990 Thread added: 0x0000014bc5463990
Event: 4.874 Executing VM operation: G1CollectForAllocation
Event: 4.879 Executing VM operation: G1CollectForAllocation done
Event: 5.262 Thread 0x0000014bc5463990 Thread exited: 0x0000014bc5463990
Event: 5.375 Executing VM operation: ICBufferFull
Event: 5.375 Executing VM operation: ICBufferFull done
Event: 5.375 Executing VM operation: HandshakeAllThreads
Event: 5.375 Executing VM operation: HandshakeAllThreads done
Event: 5.899 Executing VM operation: G1CollectForAllocation
Event: 5.901 Executing VM operation: G1CollectForAllocation done
Event: 5.902 Loaded shared library C:\Users\water\.p2\pool\plugins\org.eclipse.justj.openjdk.hotspot.jre.full.win32.x86_64_15.0.2.v20210201-0955\jre\bin\awt.dll
Event: 7.906 Executing VM operation: HandshakeAllThreads
Event: 7.906 Executing VM operation: HandshakeAllThreads done


Dynamic libraries:
0x00007ff748f40000 - 0x00007ff748f4d000 	C:\Users\water\.p2\pool\plugins\org.eclipse.justj.openjdk.hotspot.jre.full.win32.x86_64_15.0.2.v20210201-0955\jre\bin\javaw.exe
0x00007ffdd0e50000 - 0x00007ffdd1045000 	C:\WINDOWS\SYSTEM32\ntdll.dll
0x00007ffd86680000 - 0x00007ffd86693000 	C:\Program Files\Avast Software\Avast\aswhook.dll
0x00007ffdcf650000 - 0x00007ffdcf70d000 	C:\WINDOWS\System32\KERNEL32.DLL
0x00007ffdcebf0000 - 0x00007ffdceeb8000 	C:\WINDOWS\System32\KERNELBASE.dll
0x00007ffdce780000 - 0x00007ffdce880000 	C:\WINDOWS\System32\ucrtbase.dll
0x00007ffdbb7b0000 - 0x00007ffdbb7c9000 	C:\Users\water\.p2\pool\plugins\org.eclipse.justj.openjdk.hotspot.jre.full.win32.x86_64_15.0.2.v20210201-0955\jre\bin\VCRUNTIME140.dll
0x00007ffdbb790000 - 0x00007ffdbb7a8000 	C:\Users\water\.p2\pool\plugins\org.eclipse.justj.openjdk.hotspot.jre.full.win32.x86_64_15.0.2.v20210201-0955\jre\bin\jli.dll
0x00007ffdd0620000 - 0x00007ffdd07c0000 	C:\WINDOWS\System32\USER32.dll
0x00007ffdce910000 - 0x00007ffdce932000 	C:\WINDOWS\System32\win32u.dll
0x00007ffdd08a0000 - 0x00007ffdd08ca000 	C:\WINDOWS\System32\GDI32.dll
0x00007ffdce590000 - 0x00007ffdce69b000 	C:\WINDOWS\System32\gdi32full.dll
0x00007ffdb82a0000 - 0x00007ffdb853a000 	C:\WINDOWS\WinSxS\amd64_microsoft.windows.common-controls_6595b64144ccf1df_6.0.19041.1052_none_60b8f8fd71f5e8cb\COMCTL32.dll
0x00007ffdce940000 - 0x00007ffdce9dd000 	C:\WINDOWS\System32\msvcp_win.dll
0x00007ffdcf130000 - 0x00007ffdcf1ce000 	C:\WINDOWS\System32\msvcrt.dll
0x00007ffdceec0000 - 0x00007ffdceef0000 	C:\WINDOWS\System32\IMM32.DLL
0x00007ffdbfa70000 - 0x00007ffdbfa7c000 	C:\Users\water\.p2\pool\plugins\org.eclipse.justj.openjdk.hotspot.jre.full.win32.x86_64_15.0.2.v20210201-0955\jre\bin\vcruntime140_1.dll
0x00007ffdaafe0000 - 0x00007ffdab071000 	C:\Users\water\.p2\pool\plugins\org.eclipse.justj.openjdk.hotspot.jre.full.win32.x86_64_15.0.2.v20210201-0955\jre\bin\msvcp140.dll
0x00007ffd7f7c0000 - 0x00007ffd8031e000 	C:\Users\water\.p2\pool\plugins\org.eclipse.justj.openjdk.hotspot.jre.full.win32.x86_64_15.0.2.v20210201-0955\jre\bin\server\jvm.dll
0x00007ffdceef0000 - 0x00007ffdcef9c000 	C:\WINDOWS\System32\ADVAPI32.dll
0x00007ffdcf5a0000 - 0x00007ffdcf63b000 	C:\WINDOWS\System32\sechost.dll
0x00007ffdd0c60000 - 0x00007ffdd0d8b000 	C:\WINDOWS\System32\RPCRT4.dll
0x00007ffdd0930000 - 0x00007ffdd0938000 	C:\WINDOWS\System32\PSAPI.DLL
0x00007ffdb1690000 - 0x00007ffdb1699000 	C:\WINDOWS\SYSTEM32\WSOCK32.dll
0x00007ffdcc430000 - 0x00007ffdcc457000 	C:\WINDOWS\SYSTEM32\WINMM.dll
0x00007ffdd0830000 - 0x00007ffdd089b000 	C:\WINDOWS\System32\WS2_32.dll
0x00007ffdc0be0000 - 0x00007ffdc0bea000 	C:\WINDOWS\SYSTEM32\VERSION.dll
0x00007ffdcce60000 - 0x00007ffdcce72000 	C:\WINDOWS\SYSTEM32\kernel.appcore.dll
0x00007ffdc76d0000 - 0x00007ffdc76da000 	C:\Users\water\.p2\pool\plugins\org.eclipse.justj.openjdk.hotspot.jre.full.win32.x86_64_15.0.2.v20210201-0955\jre\bin\jimage.dll
0x00007ffdcc210000 - 0x00007ffdcc3f4000 	C:\WINDOWS\SYSTEM32\DBGHELP.DLL
0x00007ffdcc400000 - 0x00007ffdcc42c000 	C:\WINDOWS\SYSTEM32\dbgcore.DLL
0x00007ffdce6a0000 - 0x00007ffdce723000 	C:\WINDOWS\System32\bcryptPrimitives.dll
0x00007ffdbb8f0000 - 0x00007ffdbb915000 	C:\Users\water\.p2\pool\plugins\org.eclipse.justj.openjdk.hotspot.jre.full.win32.x86_64_15.0.2.v20210201-0955\jre\bin\java.dll
0x00007ffdbfbd0000 - 0x00007ffdbfbe8000 	C:\Users\water\.p2\pool\plugins\org.eclipse.justj.openjdk.hotspot.jre.full.win32.x86_64_15.0.2.v20210201-0955\jre\bin\zip.dll
0x00007ffdcfb80000 - 0x00007ffdd02bf000 	C:\WINDOWS\System32\SHELL32.dll
0x00007ffdcc6c0000 - 0x00007ffdcce50000 	C:\WINDOWS\SYSTEM32\windows.storage.dll
0x00007ffdd02c0000 - 0x00007ffdd0615000 	C:\WINDOWS\System32\combase.dll
0x00007ffdce000000 - 0x00007ffdce02c000 	C:\WINDOWS\SYSTEM32\Wldp.dll
0x00007ffdcf080000 - 0x00007ffdcf12e000 	C:\WINDOWS\System32\SHCORE.dll
0x00007ffdd08d0000 - 0x00007ffdd0925000 	C:\WINDOWS\System32\shlwapi.dll
0x00007ffdce4d0000 - 0x00007ffdce4ef000 	C:\WINDOWS\SYSTEM32\profapi.dll
0x00007ffdaba40000 - 0x00007ffdabbbf000 	C:\Users\water\.p2\pool\plugins\org.eclipse.justj.openjdk.hotspot.jre.full.win32.x86_64_15.0.2.v20210201-0955\jre\bin\awt.dll
0x00007ffdd0a60000 - 0x00007ffdd0b2d000 	C:\WINDOWS\System32\OLEAUT32.dll
0x00007ffdc7770000 - 0x00007ffdc7800000 	C:\WINDOWS\SYSTEM32\apphelp.dll
0x00007ffdcbc80000 - 0x00007ffdcbcaf000 	C:\WINDOWS\system32\DWMAPI.DLL
0x00007ffdc7ad0000 - 0x00007ffdc7b6e000 	C:\WINDOWS\system32\uxtheme.dll
0x00007ffd95630000 - 0x00007ffd95756000 	C:\WINDOWS\system32\opengl32.dll
0x00007ffd96780000 - 0x00007ffd967ac000 	C:\WINDOWS\SYSTEM32\GLU32.dll
0x00007ffdd0940000 - 0x00007ffdd0a55000 	C:\WINDOWS\System32\MSCTF.dll
0x00007ffdd0b30000 - 0x00007ffdd0c5a000 	C:\WINDOWS\System32\ole32.dll
0x00007ffdaaf50000 - 0x00007ffdaafd5000 	C:\Users\water\.p2\pool\plugins\org.eclipse.justj.openjdk.hotspot.jre.full.win32.x86_64_15.0.2.v20210201-0955\jre\bin\freetype.dll
0x00007ffdaaea0000 - 0x00007ffdaaf49000 	C:\Users\water\.p2\pool\plugins\org.eclipse.justj.openjdk.hotspot.jre.full.win32.x86_64_15.0.2.v20210201-0955\jre\bin\fontmanager.dll
0x00007ffdcf340000 - 0x00007ffdcf3e9000 	C:\WINDOWS\System32\clbcatq.dll
0x00007ffdc43a0000 - 0x00007ffdc4554000 	C:\WINDOWS\SYSTEM32\WindowsCodecs.dll
0x00007ffdce8e0000 - 0x00007ffdce907000 	C:\WINDOWS\System32\bcrypt.dll
0x00007ffd91560000 - 0x00007ffd9159e000 	C:\WINDOWS\system32\dataexchange.dll
0x00007ffdc6730000 - 0x00007ffdc6916000 	C:\WINDOWS\system32\dcomp.dll
0x00007ffdc5ee0000 - 0x00007ffdc6144000 	C:\WINDOWS\system32\d3d11.dll
0x00007ffdcced0000 - 0x00007ffdccfc4000 	C:\WINDOWS\system32\dxgi.dll
0x00007ffdc4060000 - 0x00007ffdc4261000 	C:\WINDOWS\system32\twinapi.appcore.dll
0x00007ffdbef10000 - 0x00007ffdbef29000 	C:\Users\water\.p2\pool\plugins\org.eclipse.justj.openjdk.hotspot.jre.full.win32.x86_64_15.0.2.v20210201-0955\jre\bin\net.dll
0x00007ffdc4d00000 - 0x00007ffdc4e0b000 	C:\WINDOWS\SYSTEM32\WINHTTP.dll
0x00007ffdcdd70000 - 0x00007ffdcddda000 	C:\WINDOWS\system32\mswsock.dll
0x00007ffdbee40000 - 0x00007ffdbee52000 	C:\Users\water\.p2\pool\plugins\org.eclipse.justj.openjdk.hotspot.jre.full.win32.x86_64_15.0.2.v20210201-0955\jre\bin\nio.dll
0x00007ffdbb280000 - 0x00007ffdbb379000 	C:\WINDOWS\SYSTEM32\textinputframework.dll
0x00007ffdc6920000 - 0x00007ffdc6c7e000 	C:\WINDOWS\System32\CoreUIComponents.dll
0x00007ffdc7130000 - 0x00007ffdc7222000 	C:\WINDOWS\System32\CoreMessaging.dll
0x00007ffdcd2d0000 - 0x00007ffdcd303000 	C:\WINDOWS\SYSTEM32\ntmarta.dll
0x00007ffdc56d0000 - 0x00007ffdc5824000 	C:\WINDOWS\SYSTEM32\wintypes.dll
0x00007ffdbe970000 - 0x00007ffdbea1c000 	C:\WINDOWS\SYSTEM32\TextShaping.dll

dbghelp: loaded successfully - version: 4.0.5 - missing functions: none
symbol engine: initialized successfully - sym options: 0x614 - pdb path: .;C:\Users\water\.p2\pool\plugins\org.eclipse.justj.openjdk.hotspot.jre.full.win32.x86_64_15.0.2.v20210201-0955\jre\bin;C:\WINDOWS\SYSTEM32;C:\Program Files\Avast Software\Avast;C:\WINDOWS\WinSxS\amd64_microsoft.windows.common-controls_6595b64144ccf1df_6.0.19041.1052_none_60b8f8fd71f5e8cb;C:\Users\water\.p2\pool\plugins\org.eclipse.justj.openjdk.hotspot.jre.full.win32.x86_64_15.0.2.v20210201-0955\jre\bin\server

VM Arguments:
jvm_args: -Dfile.encoding=Cp1252 -XX:+ShowCodeDetailsInExceptionMessages 
java_command: sait.frms.application.AppDriver
java_class_path (initial): C:\Users\water\git\CPRG251A2Skeleton\bin
Launcher Type: SUN_STANDARD

[Global flags]
     intx CICompilerCount                          = 4                                         {product} {ergonomic}
     uint ConcGCThreads                            = 2                                         {product} {ergonomic}
     uint G1ConcRefinementThreads                  = 8                                         {product} {ergonomic}
   size_t G1HeapRegionSize                         = 2097152                                   {product} {ergonomic}
    uintx GCDrainStackTargetSize                   = 64                                        {product} {ergonomic}
   size_t InitialHeapSize                          = 197132288                                 {product} {ergonomic}
   size_t MarkStackSize                            = 4194304                                   {product} {ergonomic}
   size_t MaxHeapSize                              = 3149922304                                {product} {ergonomic}
   size_t MaxNewSize                               = 1889533952                                {product} {ergonomic}
   size_t MinHeapDeltaBytes                        = 2097152                                   {product} {ergonomic}
   size_t MinHeapSize                              = 8388608                                   {product} {ergonomic}
    uintx NonNMethodCodeHeapSize                   = 5839372                                {pd product} {ergonomic}
    uintx NonProfiledCodeHeapSize                  = 122909434                              {pd product} {ergonomic}
    uintx ProfiledCodeHeapSize                     = 122909434                              {pd product} {ergonomic}
    uintx ReservedCodeCacheSize                    = 251658240                              {pd product} {ergonomic}
     bool SegmentedCodeCache                       = true                                      {product} {ergonomic}
     bool ShowCodeDetailsInExceptionMessages       = true                                   {manageable} {command line}
   size_t SoftMaxHeapSize                          = 3149922304                             {manageable} {ergonomic}
     bool UseCompressedClassPointers               = true                                 {lp64_product} {ergonomic}
     bool UseCompressedOops                        = true                                 {lp64_product} {ergonomic}
     bool UseG1GC                                  = true                                      {product} {ergonomic}
     bool UseLargePagesIndividualAllocation        = false                                  {pd product} {ergonomic}

Logging:
Log output configuration:
 #0: stdout all=warning uptime,level,tags
 #1: stderr all=off uptime,level,tags

Environment Variables:
PATH=C:/Users/water/.p2/pool/plugins/org.eclipse.justj.openjdk.hotspot.jre.full.win32.x86_64_15.0.2.v20210201-0955/jre/bin/server;C:/Users/water/.p2/pool/plugins/org.eclipse.justj.openjdk.hotspot.jre.full.win32.x86_64_15.0.2.v20210201-0955/jre/bin;C:\app\water\product\18.0.0\dbhomeXE\bin;C:\Program Files (x86)\Common Files\Oracle\Java\javapath;C:\WINDOWS\system32;C:\WINDOWS;C:\WINDOWS\System32\Wbem;C:\WINDOWS\System32\WindowsPowerShell\v1.0\;C:\WINDOWS\System32\OpenSSH\;C:\Users\water\AppData\Local\Microsoft\WindowsApps;C:\WINDOWS\system32;
USERNAME=water
OS=Windows_NT
PROCESSOR_IDENTIFIER=Intel64 Family 6 Model 140 Stepping 1, GenuineIntel



---------------  S Y S T E M  ---------------

OS:
 Windows 10 , 64 bit Build 19041 (10.0.19041.1023)
OS uptime: 0 days 2:35 hours

CPU: total 8 (initial active 8) (4 cores per cpu, 2 threads per core) family 6 model 140 stepping 1 microcode 0x86, cmov, cx8, fxsr, mmx, sse, sse2, sse3, ssse3, sse4.1, sse4.2, popcnt, vzeroupper, avx, avx2, aes, clmul, erms, 3dnowpref, lzcnt, ht, tsc, tscinvbit, bmi1, bmi2, adx, avx512f, avx512dq, avx512cd, avx512bw, avx512vl, avx512_vpopcntdq, avx512_vpclmulqdq, avx512_vbmi, avx512_vbmi2, avx512_vaes, avx512_vnni, sha, fma, clflush, clflushopt, clwb

Memory: 4k page, system-wide physical 12010M (2623M free)
TotalPageFile size 14460M (AvailPageFile size 5M)
current process WorkingSet (physical memory assigned to process): 158M, peak: 158M
current process commit charge ("private bytes"): 294M, peak: 295M

vm_info: OpenJDK 64-Bit Server VM (15.0.2+7-27) for windows-amd64 JRE (15.0.2+7-27), built on Dec  7 2020 20:02:38 by "mach5one" with unknown MS VC++:1925

END.
