#
# There is insufficient memory for the Java Runtime Environment to continue.
# Native memory allocation (mmap) failed to map 197132288 bytes for G1 virtual space
# Possible reasons:
#   The system is out of physical RAM or swap space
#   The process is running with CompressedOops enabled, and the Java Heap may be blocking the growth of the native heap
# Possible solutions:
#   Reduce memory load on the system
#   Increase physical memory or swap space
#   Check if swap backing store is full
#   Decrease Java heap size (-Xmx/-Xms)
#   Decrease number of Java threads
#   Decrease Java thread stack sizes (-Xss)
#   Set larger code cache with -XX:ReservedCodeCacheSize=
#   JVM is running with Zero Based Compressed Oops mode in which the Java heap is
#     placed in the first 32GB address space. The Java Heap base address is the
#     maximum limit for the native heap growth. Please use -XX:HeapBaseMinAddress
#     to set the Java Heap base and to place the Java Heap above 32GB virtual address.
# This output file may be truncated or incomplete.
#
#  Out of Memory Error (./open/src/hotspot/os/windows/os_windows.cpp:3321), pid=16648, tid=6504
#
# JRE version:  (15.0.2+7) (build )
# Java VM: OpenJDK 64-Bit Server VM (15.0.2+7-27, mixed mode, sharing, tiered, compressed oops, g1 gc, windows-amd64)
# No core dump will be written. Minidumps are not enabled by default on client versions of Windows
#

---------------  S U M M A R Y ------------

Command Line: -Dfile.encoding=Cp1252 -XX:+ShowCodeDetailsInExceptionMessages sait.frms.application.AppDriver

Host: 11th Gen Intel(R) Core(TM) i7-1165G7 @ 2.80GHz, 8 cores, 11G,  Windows 10 , 64 bit Build 19041 (10.0.19041.1023)
Time: Fri Jun 18 10:47:18 2021 Mountain Daylight Time elapsed time: 0.027758 seconds (0d 0h 0m 0s)

---------------  T H R E A D  ---------------

Current thread (0x0000028aad8152d0):  JavaThread "Unknown thread" [_thread_in_vm, id=6504, stack(0x0000009aa8200000,0x0000009aa8300000)]

Stack: [0x0000009aa8200000,0x0000009aa8300000]
Native frames: (J=compiled Java code, j=interpreted, Vv=VM code, C=native code)
V  [jvm.dll+0x62ae9a]
V  [jvm.dll+0x7817a9]
V  [jvm.dll+0x782f03]
V  [jvm.dll+0x783563]
V  [jvm.dll+0x216325]
V  [jvm.dll+0x6281d9]
V  [jvm.dll+0x61cf55]
V  [jvm.dll+0x2cffdd]
V  [jvm.dll+0x2cfe42]
V  [jvm.dll+0x2d5e1c]
V  [jvm.dll+0x32590a]
V  [jvm.dll+0x324fd4]
V  [jvm.dll+0x2a6f5a]
V  [jvm.dll+0x2a80f8]
V  [jvm.dll+0x75e241]
V  [jvm.dll+0x3341c4]
V  [jvm.dll+0x73e926]
V  [jvm.dll+0x3b7557]
V  [jvm.dll+0x3b8fe1]
C  [jli.dll+0x52fb]
C  [ucrtbase.dll+0x21bb2]
C  [KERNEL32.DLL+0x17034]
C  [ntdll.dll+0x52651]


---------------  P R O C E S S  ---------------

Threads class SMR info:
_java_thread_list=0x00007ff9b8314ff0, length=0, elements={
}

Java Threads: ( => current thread )

Other Threads:
  0x0000028aad858a60 GCTaskThread "GC Thread#0" [stack: 0x0000009aa8300000,0x0000009aa8400000] [id=3864]
  0x0000028aad866160 ConcurrentGCThread "G1 Main Marker" [stack: 0x0000009aa8400000,0x0000009aa8500000] [id=7132]
  0x0000028aad867de0 ConcurrentGCThread "G1 Conc#0" [stack: 0x0000009aa8500000,0x0000009aa8600000] [id=21088]

[error occurred during error reporting (printing all threads), id 0xc0000005, EXCEPTION_ACCESS_VIOLATION (0xc0000005) at pc=0x00007ff9b7b07e27]

VM state: not at safepoint (not fully initialized)

VM Mutex/Monitor currently owned by a thread:  ([mutex/lock_event])
[0x0000028aad810fa0] Heap_lock - owner thread: 0x0000028aad8152d0

Heap address: 0x0000000744400000, size: 3004 MB, Compressed Oops mode: Zero based, Oop shift amount: 3
CDS archive(s) mapped at: [0x0000000000000000-0x0000000000000000-0x0000000000000000), size 0, SharedBaseAddress: 0x0000000800000000, ArchiveRelocationMode: 0.
Narrow klass base: 0x0000000000000000, Narrow klass shift: 0, Narrow klass range: 0x0

Heap:
 garbage-first heap   total 192512K, used 0K [0x0000000744400000, 0x0000000800000000)
  region size 2048K, 0 young (0K), 0 survivors (0K)
 Metaspace       used 0K, capacity 0K, committed 0K, reserved 0K
  class space    used 0K, capacity 0K, committed 0K, reserved 0K

Heap Regions: E=young(eden), S=young(survivor), O=old, HS=humongous(starts), HC=humongous(continues), CS=collection set, F=free, OA=open archive, CA=closed archive, TAMS=top-at-mark-start (previous, next)

Card table byte_map: [0x0000028ac0b40000,0x0000028ac1120000] _byte_map_base: 0x0000028abd11e000

Marking Bits (Prev, Next): (CMBitMap*) 0x0000028aad8592d0, (CMBitMap*) 0x0000028aad859310
 Prev Bits: [0x0000028ac1700000, 0x0000028ac45f0000)
 Next Bits: [0x0000028ac45f0000, 0x0000028ac74e0000)

GC Heap History (0 events):
No events

Deoptimization events (0 events):
No events

Classes unloaded (0 events):
No events

Classes redefined (0 events):
No events

Internal exceptions (0 events):
No events

Events (1 events):
Event: 0.009 Loaded shared library C:\Users\water\.p2\pool\plugins\org.eclipse.justj.openjdk.hotspot.jre.full.win32.x86_64_15.0.2.v20210201-0955\jre\bin\java.dll


Dynamic libraries:
0x00007ff6a10b0000 - 0x00007ff6a10bd000 	C:\Users\water\.p2\pool\plugins\org.eclipse.justj.openjdk.hotspot.jre.full.win32.x86_64_15.0.2.v20210201-0955\jre\bin\javaw.exe
0x00007ffa08430000 - 0x00007ffa08625000 	C:\WINDOWS\SYSTEM32\ntdll.dll
0x00007ff9bf700000 - 0x00007ff9bf713000 	C:\Program Files\Avast Software\Avast\aswhook.dll
0x00007ffa065b0000 - 0x00007ffa0666d000 	C:\WINDOWS\System32\KERNEL32.DLL
0x00007ffa05f40000 - 0x00007ffa06208000 	C:\WINDOWS\System32\KERNELBASE.dll
0x00007ffa05e10000 - 0x00007ffa05f10000 	C:\WINDOWS\System32\ucrtbase.dll
0x00007ff9d5a50000 - 0x00007ff9d5a68000 	C:\Users\water\.p2\pool\plugins\org.eclipse.justj.openjdk.hotspot.jre.full.win32.x86_64_15.0.2.v20210201-0955\jre\bin\jli.dll
0x00007ff9d5a30000 - 0x00007ff9d5a49000 	C:\Users\water\.p2\pool\plugins\org.eclipse.justj.openjdk.hotspot.jre.full.win32.x86_64_15.0.2.v20210201-0955\jre\bin\VCRUNTIME140.dll
0x00007ffa08250000 - 0x00007ffa083f0000 	C:\WINDOWS\System32\USER32.dll
0x00007ffa05f10000 - 0x00007ffa05f32000 	C:\WINDOWS\System32\win32u.dll
0x00007ffa078e0000 - 0x00007ffa0790a000 	C:\WINDOWS\System32\GDI32.dll
0x00007ff9ef720000 - 0x00007ff9ef9ba000 	C:\WINDOWS\WinSxS\amd64_microsoft.windows.common-controls_6595b64144ccf1df_6.0.19041.1052_none_60b8f8fd71f5e8cb\COMCTL32.dll
0x00007ffa06270000 - 0x00007ffa0637b000 	C:\WINDOWS\System32\gdi32full.dll
0x00007ffa06400000 - 0x00007ffa0649d000 	C:\WINDOWS\System32\msvcp_win.dll
0x00007ffa06fd0000 - 0x00007ffa0706e000 	C:\WINDOWS\System32\msvcrt.dll
0x00007ffa064a0000 - 0x00007ffa064d0000 	C:\WINDOWS\System32\IMM32.DLL
0x00007ff9ef1f0000 - 0x00007ff9ef1fc000 	C:\Users\water\.p2\pool\plugins\org.eclipse.justj.openjdk.hotspot.jre.full.win32.x86_64_15.0.2.v20210201-0955\jre\bin\vcruntime140_1.dll
0x00007ff9ba800000 - 0x00007ff9ba891000 	C:\Users\water\.p2\pool\plugins\org.eclipse.justj.openjdk.hotspot.jre.full.win32.x86_64_15.0.2.v20210201-0955\jre\bin\msvcp140.dll
0x00007ff9b7850000 - 0x00007ff9b83ae000 	C:\Users\water\.p2\pool\plugins\org.eclipse.justj.openjdk.hotspot.jre.full.win32.x86_64_15.0.2.v20210201-0955\jre\bin\server\jvm.dll
0x00007ffa070d0000 - 0x00007ffa0717c000 	C:\WINDOWS\System32\ADVAPI32.dll
0x00007ffa06af0000 - 0x00007ffa06b8b000 	C:\WINDOWS\System32\sechost.dll
0x00007ffa08100000 - 0x00007ffa0822b000 	C:\WINDOWS\System32\RPCRT4.dll
0x00007ffa07770000 - 0x00007ffa07778000 	C:\WINDOWS\System32\PSAPI.DLL
0x00007ff9e8910000 - 0x00007ff9e8919000 	C:\WINDOWS\SYSTEM32\WSOCK32.dll
0x00007ff9fb170000 - 0x00007ff9fb17a000 	C:\WINDOWS\SYSTEM32\VERSION.dll
0x00007ffa041d0000 - 0x00007ffa041f7000 	C:\WINDOWS\SYSTEM32\WINMM.dll
0x00007ffa06b90000 - 0x00007ffa06bfb000 	C:\WINDOWS\System32\WS2_32.dll
0x00007ffa04440000 - 0x00007ffa04452000 	C:\WINDOWS\SYSTEM32\kernel.appcore.dll
0x00007ff9f5f90000 - 0x00007ff9f5f9a000 	C:\Users\water\.p2\pool\plugins\org.eclipse.justj.openjdk.hotspot.jre.full.win32.x86_64_15.0.2.v20210201-0955\jre\bin\jimage.dll
0x00007ffa03fb0000 - 0x00007ffa04194000 	C:\WINDOWS\SYSTEM32\DBGHELP.DLL
0x00007ffa041a0000 - 0x00007ffa041cc000 	C:\WINDOWS\SYSTEM32\dbgcore.DLL
0x00007ffa05cd0000 - 0x00007ffa05d53000 	C:\WINDOWS\System32\bcryptPrimitives.dll
0x00007ff9e8b50000 - 0x00007ff9e8b75000 	C:\Users\water\.p2\pool\plugins\org.eclipse.justj.openjdk.hotspot.jre.full.win32.x86_64_15.0.2.v20210201-0955\jre\bin\java.dll

dbghelp: loaded successfully - version: 4.0.5 - missing functions: none
symbol engine: initialized successfully - sym options: 0x614 - pdb path: .;C:\Users\water\.p2\pool\plugins\org.eclipse.justj.openjdk.hotspot.jre.full.win32.x86_64_15.0.2.v20210201-0955\jre\bin;C:\WINDOWS\SYSTEM32;C:\Program Files\Avast Software\Avast;C:\WINDOWS\WinSxS\amd64_microsoft.windows.common-controls_6595b64144ccf1df_6.0.19041.1052_none_60b8f8fd71f5e8cb;C:\Users\water\.p2\pool\plugins\org.eclipse.justj.openjdk.hotspot.jre.full.win32.x86_64_15.0.2.v20210201-0955\jre\bin\server

VM Arguments:
jvm_args: -Dfile.encoding=Cp1252 -XX:+ShowCodeDetailsInExceptionMessages 
java_command: sait.frms.application.AppDriver
java_class_path (initial): C:\Users\water\git\CPRG251A2Skeleton-Tobi\bin
Launcher Type: SUN_STANDARD

[Global flags]
     intx CICompilerCount                          = 4                                         {product} {ergonomic}
     uint ConcGCThreads                            = 2                                         {product} {ergonomic}
     uint G1ConcRefinementThreads                  = 8                                         {product} {ergonomic}
   size_t G1HeapRegionSize                         = 2097152                                   {product} {ergonomic}
    uintx GCDrainStackTargetSize                   = 64                                        {product} {ergonomic}
   size_t InitialHeapSize                          = 197132288                                 {product} {ergonomic}
   size_t MarkStackSize                            = 4194304                                   {product} {ergonomic}
   size_t MaxHeapSize                              = 3149922304                                {product} {ergonomic}
   size_t MinHeapDeltaBytes                        = 2097152                                   {product} {ergonomic}
   size_t MinHeapSize                              = 8388608                                   {product} {ergonomic}
    uintx NonNMethodCodeHeapSize                   = 5839372                                {pd product} {ergonomic}
    uintx NonProfiledCodeHeapSize                  = 122909434                              {pd product} {ergonomic}
    uintx ProfiledCodeHeapSize                     = 122909434                              {pd product} {ergonomic}
    uintx ReservedCodeCacheSize                    = 251658240                              {pd product} {ergonomic}
     bool SegmentedCodeCache                       = true                                      {product} {ergonomic}
     bool ShowCodeDetailsInExceptionMessages       = true                                   {manageable} {command line}
   size_t SoftMaxHeapSize                          = 3149922304                             {manageable} {ergonomic}
     bool UseCompressedClassPointers               = true                                 {lp64_product} {ergonomic}
     bool UseCompressedOops                        = true                                 {lp64_product} {ergonomic}
     bool UseG1GC                                  = true                                      {product} {ergonomic}
     bool UseLargePagesIndividualAllocation        = false                                  {pd product} {ergonomic}

Logging:
Log output configuration:
 #0: stdout all=warning uptime,level,tags
 #1: stderr all=off uptime,level,tags

Environment Variables:
PATH=C:/Users/water/.p2/pool/plugins/org.eclipse.justj.openjdk.hotspot.jre.full.win32.x86_64_15.0.2.v20210201-0955/jre/bin/server;C:/Users/water/.p2/pool/plugins/org.eclipse.justj.openjdk.hotspot.jre.full.win32.x86_64_15.0.2.v20210201-0955/jre/bin;C:\app\water\product\18.0.0\dbhomeXE\bin;C:\Program Files (x86)\Common Files\Oracle\Java\javapath;C:\WINDOWS\system32;C:\WINDOWS;C:\WINDOWS\System32\Wbem;C:\WINDOWS\System32\WindowsPowerShell\v1.0\;C:\WINDOWS\System32\OpenSSH\;C:\Users\water\AppData\Local\Microsoft\WindowsApps;C:\WINDOWS\system32;
USERNAME=water
OS=Windows_NT
PROCESSOR_IDENTIFIER=Intel64 Family 6 Model 140 Stepping 1, GenuineIntel



---------------  S Y S T E M  ---------------

OS:
 Windows 10 , 64 bit Build 19041 (10.0.19041.1023)
OS uptime: 0 days 0:59 hours

CPU: total 8 (initial active 8) (4 cores per cpu, 2 threads per core) family 6 model 140 stepping 1 microcode 0x86, cmov, cx8, fxsr, mmx, sse, sse2, sse3, ssse3, sse4.1, sse4.2, popcnt, vzeroupper, avx, avx2, aes, clmul, erms, 3dnowpref, lzcnt, ht, tsc, tscinvbit, bmi1, bmi2, adx, avx512f, avx512dq, avx512cd, avx512bw, avx512vl, avx512_vpopcntdq, avx512_vpclmulqdq, avx512_vbmi, avx512_vbmi2, avx512_vaes, avx512_vnni, sha, fma, clflush, clflushopt, clwb

Memory: 4k page, system-wide physical 12010M (1878M free)
TotalPageFile size 14460M (AvailPageFile size 171M)
current process WorkingSet (physical memory assigned to process): 10M, peak: 10M
current process commit charge ("private bytes"): 60M, peak: 248M

vm_info: OpenJDK 64-Bit Server VM (15.0.2+7-27) for windows-amd64 JRE (15.0.2+7-27), built on Dec  7 2020 20:02:38 by "mach5one" with unknown MS VC++:1925

END.
